190319-09:40:11 [INFO] -- 
190319-09:40:12 [INFO] -- 
190319-09:40:12 [INFO] -- ============================================================
190319-09:40:12 [INFO] -- ATMSSStarter: Application Starting...
190319-09:40:12 [INFO] -- CardReaderHandler: starting...
190319-09:40:12 [INFO] -- KeypadHandler: starting...
190319-09:40:12 [INFO] -- CashDispenserHandler: starting...
190319-09:40:12 [INFO] -- timer: starting...
190319-09:40:12 [INFO] -- CashDepositCollectorHandler: starting...
190319-09:40:12 [INFO] -- AdvicePrinterHandler: starting...
190319-09:40:12 [INFO] -- TouchDisplayHandler: starting...
190319-09:40:12 [INFO] -- BuzzerHandler: starting...
190319-09:40:12 [INFO] -- ATMSS: starting...
190319-09:41:12 [INFO] -- Poll: [97155]: Time's up!
190319-09:41:12 [INFO] -- PollAck: CardReaderHandler is up!
190319-09:41:12 [INFO] -- PollAck: KeypadHandler is up!
190319-09:41:12 [INFO] -- PollAck: TouchDisplayHandler is up!
190319-09:42:12 [INFO] -- Poll: [70513]: Time's up!
190319-09:42:12 [INFO] -- PollAck: KeypadHandler is up!
190319-09:42:12 [INFO] -- PollAck: CardReaderHandler is up!
190319-09:42:12 [INFO] -- PollAck: TouchDisplayHandler is up!
