190328-11:08:02 [INFO] -- 
190328-11:08:02 [INFO] -- 
190328-11:08:02 [INFO] -- ============================================================
190328-11:08:02 [INFO] -- ATMSSStarter: Application Starting...
190328-11:08:02 [INFO] -- KeypadHandler: starting...
190328-11:08:02 [INFO] -- TouchDisplayHandler: starting...
190328-11:08:02 [INFO] -- CardReaderHandler: starting...
190328-11:08:02 [INFO] -- timer: starting...
190328-11:08:02 [INFO] -- ATMSS: starting...
190328-11:09:02 [INFO] -- Poll: [98437]: Time's up!
190328-11:09:02 [INFO] -- PollAck: TouchDisplayHandler is up!
190328-11:09:02 [INFO] -- PollAck: KeypadHandler is up!
190328-11:09:02 [INFO] -- PollAck: CardReaderHandler is up!
190328-11:10:02 [INFO] -- Poll: [58130]: Time's up!
190328-11:10:02 [INFO] -- PollAck: CardReaderHandler is up!
190328-11:10:02 [INFO] -- PollAck: TouchDisplayHandler is up!
190328-11:10:02 [INFO] -- PollAck: KeypadHandler is up!
190328-11:11:02 [INFO] -- Poll: [12496]: Time's up!
190328-11:11:02 [INFO] -- PollAck: TouchDisplayHandler is up!
190328-11:11:02 [INFO] -- PollAck: KeypadHandler is up!
190328-11:11:02 [INFO] -- PollAck: CardReaderHandler is up!
190328-11:12:02 [INFO] -- Poll: [87185]: Time's up!
190328-11:12:02 [INFO] -- PollAck: CardReaderHandler is up!
190328-11:12:02 [INFO] -- PollAck: TouchDisplayHandler is up!
190328-11:12:02 [INFO] -- PollAck: KeypadHandler is up!
